[Info  - 4:40:00 PM] ESLint server stopped.
[Info  - 4:40:01 PM] ESLint server running in node v12.4.0
[Info  - 4:40:01 PM] ESLint server is running.
[Info  - 4:40:02 PM] 
Failed to load the ESLint library for the document c:\Users\olila\Desktop\Angular\mb-server\package.json

To use ESLint please install eslint by running npm install eslint in the workspace folder mb-server
or globally using 'npm install -g eslint'. You need to reopen the workspace after installing eslint.

If you are using yarn or pnpm instead of npm set the setting `eslint.packageManager` to either `yarn` or `pnpm`
Alternatively you can disable ESLint for the workspace folder mb-server by executing the 'Disable ESLint' command.
[Info  - 4:40:02 PM] 
Failed to load the ESLint library for the document c:\Users\olila\Desktop\Angular\mb-server\src\app.js

To use ESLint please install eslint by running npm install eslint in the workspace folder mb-server
or globally using 'npm install -g eslint'. You need to reopen the workspace after installing eslint.

If you are using yarn or pnpm instead of npm set the setting `eslint.packageManager` to either `yarn` or `pnpm`
Alternatively you can disable ESLint for the workspace folder mb-server by executing the 'Disable ESLint' command.
[Info  - 4:40:02 PM] 
Failed to load the ESLint library for the document c:\Users\olila\Desktop\Angular\mb-server\src\app.js

To use ESLint please install eslint by running npm install eslint in the workspace folder mb-server
or globally using 'npm install -g eslint'. You need to reopen the workspace after installing eslint.

If you are using yarn or pnpm instead of npm set the setting `eslint.packageManager` to either `yarn` or `pnpm`
Alternatively you can disable ESLint for the workspace folder mb-server by executing the 'Disable ESLint' command.
[Info  - 4:40:02 PM] 
Failed to load the ESLint library for the document c:\Users\olila\Desktop\Angular\mb-server\src\app.js

To use ESLint please install eslint by running npm install eslint in the workspace folder mb-server
or globally using 'npm install -g eslint'. You need to reopen the workspace after installing eslint.

If you are using yarn or pnpm instead of npm set the setting `eslint.packageManager` to either `yarn` or `pnpm`
Alternatively you can disable ESLint for the workspace folder mb-server by executing the 'Disable ESLint' command.
[Info  - 4:40:02 PM] 
Failed to load the ESLint library for the document c:\Users\olila\Desktop\Angular\mb-server\src\app.js

To use ESLint please install eslint by running npm install eslint in the workspace folder mb-server
or globally using 'npm install -g eslint'. You need to reopen the workspace after installing eslint.

If you are using yarn or pnpm instead of npm set the setting `eslint.packageManager` to either `yarn` or `pnpm`
Alternatively you can disable ESLint for the workspace folder mb-server by executing the 'Disable ESLint' command.
[Info  - 4:40:02 PM] 
Failed to load the ESLint library for the document c:\Users\olila\Desktop\Angular\mb-server\src\app.js

To use ESLint please install eslint by running npm install eslint in the workspace folder mb-server
or globally using 'npm install -g eslint'. You need to reopen the workspace after installing eslint.

If you are using yarn or pnpm instead of npm set the setting `eslint.packageManager` to either `yarn` or `pnpm`
Alternatively you can disable ESLint for the workspace folder mb-server by executing the 'Disable ESLint' command.
[Info  - 4:40:02 PM] 
Failed to load the ESLint library for the document c:\Users\olila\Desktop\Angular\mb-server\src\app.js

To use ESLint please install eslint by running npm install eslint in the workspace folder mb-server
or globally using 'npm install -g eslint'. You need to reopen the workspace after installing eslint.

If you are using yarn or pnpm instead of npm set the setting `eslint.packageManager` to either `yarn` or `pnpm`
Alternatively you can disable ESLint for the workspace folder mb-server by executing the 'Disable ESLint' command.
[Info  - 4:40:02 PM] 
Failed to load the ESLint library for the document c:\Users\olila\Desktop\Angular\mb-server\src\app.js

To use ESLint please install eslint by running npm install eslint in the workspace folder mb-server
or globally using 'npm install -g eslint'. You need to reopen the workspace after installing eslint.

If you are using yarn or pnpm instead of npm set the setting `eslint.packageManager` to either `yarn` or `pnpm`
Alternatively you can disable ESLint for the workspace folder mb-server by executing the 'Disable ESLint' command.
[Info  - 4:40:02 PM] 
Failed to load the ESLint library for the document c:\Users\olila\Desktop\Angular\mb-server\src\app.js

To use ESLint please install eslint by running npm install eslint in the workspace folder mb-server
or globally using 'npm install -g eslint'. You need to reopen the workspace after installing eslint.

If you are using yarn or pnpm instead of npm set the setting `eslint.packageManager` to either `yarn` or `pnpm`
Alternatively you can disable ESLint for the workspace folder mb-server by executing the 'Disable ESLint' command.
[Info  - 4:40:02 PM] 
Failed to load the ESLint library for the document c:\Users\olila\Desktop\Angular\mb-server\src\app.js

To use ESLint please install eslint by running npm install eslint in the workspace folder mb-server
or globally using 'npm install -g eslint'. You need to reopen the workspace after installing eslint.

If you are using yarn or pnpm instead of npm set the setting `eslint.packageManager` to either `yarn` or `pnpm`
Alternatively you can disable ESLint for the workspace folder mb-server by executing the 'Disable ESLint' command.
[Info  - 4:41:35 PM] 
Failed to load the ESLint library for the document c:\Users\olila\Desktop\Angular\mb-server\src\index.js

To use ESLint please install eslint by running npm install eslint in the workspace folder mb-server
or globally using 'npm install -g eslint'. You need to reopen the workspace after installing eslint.

If you are using yarn or pnpm instead of npm set the setting `eslint.packageManager` to either `yarn` or `pnpm`
Alternatively you can disable ESLint for the workspace folder mb-server by executing the 'Disable ESLint' command.
[Info  - 4:41:46 PM] 
Failed to load the ESLint library for the document c:\Users\olila\Desktop\Angular\mb-server\src\app.js

To use ESLint please install eslint by running npm install eslint in the workspace folder mb-server
or globally using 'npm install -g eslint'. You need to reopen the workspace after installing eslint.

If you are using yarn or pnpm instead of npm set the setting `eslint.packageManager` to either `yarn` or `pnpm`
Alternatively you can disable ESLint for the workspace folder mb-server by executing the 'Disable ESLint' command.
[Info  - 4:49:38 PM] 
Failed to load the ESLint library for the document c:\Users\olila\Desktop\Angular\mb-server\src\auth.js

To use ESLint please install eslint by running npm install eslint in the workspace folder mb-server
or globally using 'npm install -g eslint'. You need to reopen the workspace after installing eslint.

If you are using yarn or pnpm instead of npm set the setting `eslint.packageManager` to either `yarn` or `pnpm`
Alternatively you can disable ESLint for the workspace folder mb-server by executing the 'Disable ESLint' command.
[Info  - 4:55:11 PM] 
Failed to load the ESLint library for the document c:\Users\olila\Desktop\Angular\mb-server\src\users.js

To use ESLint please install eslint by running npm install eslint in the workspace folder mb-server
or globally using 'npm install -g eslint'. You need to reopen the workspace after installing eslint.

If you are using yarn or pnpm instead of npm set the setting `eslint.packageManager` to either `yarn` or `pnpm`
Alternatively you can disable ESLint for the workspace folder mb-server by executing the 'Disable ESLint' command.
[Info  - 5:05:16 PM] 
Failed to load the ESLint library for the document c:\Users\olila\Desktop\Angular\mb-server\src\app.js

To use ESLint please install eslint by running npm install eslint in the workspace folder mb-server
or globally using 'npm install -g eslint'. You need to reopen the workspace after installing eslint.

If you are using yarn or pnpm instead of npm set the setting `eslint.packageManager` to either `yarn` or `pnpm`
Alternatively you can disable ESLint for the workspace folder mb-server by executing the 'Disable ESLint' command.
[Info  - 5:13:22 PM] 
Failed to load the ESLint library for the document c:\Users\olila\Desktop\Angular\mb-server\app.js

To use ESLint please install eslint by running npm install eslint in the workspace folder mb-server
or globally using 'npm install -g eslint'. You need to reopen the workspace after installing eslint.

If you are using yarn or pnpm instead of npm set the setting `eslint.packageManager` to either `yarn` or `pnpm`
Alternatively you can disable ESLint for the workspace folder mb-server by executing the 'Disable ESLint' command.
[Info  - 5:13:25 PM] 
Failed to load the ESLint library for the document c:\Users\olila\Desktop\Angular\mb-server\package.json

To use ESLint please install eslint by running npm install eslint in the workspace folder mb-server
or globally using 'npm install -g eslint'. You need to reopen the workspace after installing eslint.

If you are using yarn or pnpm instead of npm set the setting `eslint.packageManager` to either `yarn` or `pnpm`
Alternatively you can disable ESLint for the workspace folder mb-server by executing the 'Disable ESLint' command.
[Info  - 5:13:37 PM] 
Failed to load the ESLint library for the document c:\Users\olila\Desktop\Angular\mb-server\server.js

To use ESLint please install eslint by running npm install eslint in the workspace folder mb-server
or globally using 'npm install -g eslint'. You need to reopen the workspace after installing eslint.

If you are using yarn or pnpm instead of npm set the setting `eslint.packageManager` to either `yarn` or `pnpm`
Alternatively you can disable ESLint for the workspace folder mb-server by executing the 'Disable ESLint' command.
[Info  - 5:13:59 PM] 
Failed to load the ESLint library for the document c:\Users\olila\Desktop\Angular\mb-server\server.js

To use ESLint please install eslint by running npm install eslint in the workspace folder mb-server
or globally using 'npm install -g eslint'. You need to reopen the workspace after installing eslint.

If you are using yarn or pnpm instead of npm set the setting `eslint.packageManager` to either `yarn` or `pnpm`
Alternatively you can disable ESLint for the workspace folder mb-server by executing the 'Disable ESLint' command.
[Info  - 5:14:02 PM] 
Failed to load the ESLint library for the document c:\Users\olila\Desktop\Angular\mb-server\src\auth.js

To use ESLint please install eslint by running npm install eslint in the workspace folder mb-server
or globally using 'npm install -g eslint'. You need to reopen the workspace after installing eslint.

If you are using yarn or pnpm instead of npm set the setting `eslint.packageManager` to either `yarn` or `pnpm`
Alternatively you can disable ESLint for the workspace folder mb-server by executing the 'Disable ESLint' command.
[Info  - 5:14:02 PM] 
Failed to load the ESLint library for the document c:\Users\olila\Desktop\Angular\mb-server\src\users.js

To use ESLint please install eslint by running npm install eslint in the workspace folder mb-server
or globally using 'npm install -g eslint'. You need to reopen the workspace after installing eslint.

If you are using yarn or pnpm instead of npm set the setting `eslint.packageManager` to either `yarn` or `pnpm`
Alternatively you can disable ESLint for the workspace folder mb-server by executing the 'Disable ESLint' command.
[Info  - 5:14:02 PM] 
Failed to load the ESLint library for the document c:\Users\olila\Desktop\Angular\mb-server\src\auth.js

To use ESLint please install eslint by running npm install eslint in the workspace folder mb-server
or globally using 'npm install -g eslint'. You need to reopen the workspace after installing eslint.

If you are using yarn or pnpm instead of npm set the setting `eslint.packageManager` to either `yarn` or `pnpm`
Alternatively you can disable ESLint for the workspace folder mb-server by executing the 'Disable ESLint' command.
[Info  - 5:14:02 PM] 
Failed to load the ESLint library for the document c:\Users\olila\Desktop\Angular\mb-server\src\users.js

To use ESLint please install eslint by running npm install eslint in the workspace folder mb-server
or globally using 'npm install -g eslint'. You need to reopen the workspace after installing eslint.

If you are using yarn or pnpm instead of npm set the setting `eslint.packageManager` to either `yarn` or `pnpm`
Alternatively you can disable ESLint for the workspace folder mb-server by executing the 'Disable ESLint' command.
[Info  - 5:14:02 PM] 
Failed to load the ESLint library for the document c:\Users\olila\Desktop\Angular\mb-server\src\auth.js

To use ESLint please install eslint by running npm install eslint in the workspace folder mb-server
or globally using 'npm install -g eslint'. You need to reopen the workspace after installing eslint.

If you are using yarn or pnpm instead of npm set the setting `eslint.packageManager` to either `yarn` or `pnpm`
Alternatively you can disable ESLint for the workspace folder mb-server by executing the 'Disable ESLint' command.
[Info  - 5:14:02 PM] 
Failed to load the ESLint library for the document c:\Users\olila\Desktop\Angular\mb-server\src\users.js

To use ESLint please install eslint by running npm install eslint in the workspace folder mb-server
or globally using 'npm install -g eslint'. You need to reopen the workspace after installing eslint.

If you are using yarn or pnpm instead of npm set the setting `eslint.packageManager` to either `yarn` or `pnpm`
Alternatively you can disable ESLint for the workspace folder mb-server by executing the 'Disable ESLint' command.
[Info  - 5:14:02 PM] 
Failed to load the ESLint library for the document c:\Users\olila\Desktop\Angular\mb-server\src\auth.js

To use ESLint please install eslint by running npm install eslint in the workspace folder mb-server
or globally using 'npm install -g eslint'. You need to reopen the workspace after installing eslint.

If you are using yarn or pnpm instead of npm set the setting `eslint.packageManager` to either `yarn` or `pnpm`
Alternatively you can disable ESLint for the workspace folder mb-server by executing the 'Disable ESLint' command.
[Info  - 5:14:02 PM] 
Failed to load the ESLint library for the document c:\Users\olila\Desktop\Angular\mb-server\src\users.js

To use ESLint please install eslint by running npm install eslint in the workspace folder mb-server
or globally using 'npm install -g eslint'. You need to reopen the workspace after installing eslint.

If you are using yarn or pnpm instead of npm set the setting `eslint.packageManager` to either `yarn` or `pnpm`
Alternatively you can disable ESLint for the workspace folder mb-server by executing the 'Disable ESLint' command.
[Info  - 5:14:02 PM] 
Failed to load the ESLint library for the document c:\Users\olila\Desktop\Angular\mb-server\src\auth.js

To use ESLint please install eslint by running npm install eslint in the workspace folder mb-server
or globally using 'npm install -g eslint'. You need to reopen the workspace after installing eslint.

If you are using yarn or pnpm instead of npm set the setting `eslint.packageManager` to either `yarn` or `pnpm`
Alternatively you can disable ESLint for the workspace folder mb-server by executing the 'Disable ESLint' command.
[Info  - 5:14:02 PM] 
Failed to load the ESLint library for the document c:\Users\olila\Desktop\Angular\mb-server\src\users.js

To use ESLint please install eslint by running npm install eslint in the workspace folder mb-server
or globally using 'npm install -g eslint'. You need to reopen the workspace after installing eslint.

If you are using yarn or pnpm instead of npm set the setting `eslint.packageManager` to either `yarn` or `pnpm`
Alternatively you can disable ESLint for the workspace folder mb-server by executing the 'Disable ESLint' command.
[Info  - 5:14:02 PM] 
Failed to load the ESLint library for the document c:\Users\olila\Desktop\Angular\mb-server\src\auth.js

To use ESLint please install eslint by running npm install eslint in the workspace folder mb-server
or globally using 'npm install -g eslint'. You need to reopen the workspace after installing eslint.

If you are using yarn or pnpm instead of npm set the setting `eslint.packageManager` to either `yarn` or `pnpm`
Alternatively you can disable ESLint for the workspace folder mb-server by executing the 'Disable ESLint' command.
[Info  - 5:14:03 PM] 
Failed to load the ESLint library for the document c:\Users\olila\Desktop\Angular\mb-server\src\users.js

To use ESLint please install eslint by running npm install eslint in the workspace folder mb-server
or globally using 'npm install -g eslint'. You need to reopen the workspace after installing eslint.

If you are using yarn or pnpm instead of npm set the setting `eslint.packageManager` to either `yarn` or `pnpm`
Alternatively you can disable ESLint for the workspace folder mb-server by executing the 'Disable ESLint' command.
[Info  - 5:15:03 PM] 
Failed to load the ESLint library for the document c:\Users\olila\Desktop\Angular\mb-server\config\db.config.js

To use ESLint please install eslint by running npm install eslint in the workspace folder mb-server
or globally using 'npm install -g eslint'. You need to reopen the workspace after installing eslint.

If you are using yarn or pnpm instead of npm set the setting `eslint.packageManager` to either `yarn` or `pnpm`
Alternatively you can disable ESLint for the workspace folder mb-server by executing the 'Disable ESLint' command.
[Info  - 5:16:42 PM] 
Failed to load the ESLint library for the document c:\Users\olila\Desktop\Angular\mb-server\models\index.js

To use ESLint please install eslint by running npm install eslint in the workspace folder mb-server
or globally using 'npm install -g eslint'. You need to reopen the workspace after installing eslint.

If you are using yarn or pnpm instead of npm set the setting `eslint.packageManager` to either `yarn` or `pnpm`
Alternatively you can disable ESLint for the workspace folder mb-server by executing the 'Disable ESLint' command.
[Info  - 5:19:05 PM] 
Failed to load the ESLint library for the document c:\Users\olila\Desktop\Angular\mb-server\server.js

To use ESLint please install eslint by running npm install eslint in the workspace folder mb-server
or globally using 'npm install -g eslint'. You need to reopen the workspace after installing eslint.

If you are using yarn or pnpm instead of npm set the setting `eslint.packageManager` to either `yarn` or `pnpm`
Alternatively you can disable ESLint for the workspace folder mb-server by executing the 'Disable ESLint' command.
[Info  - 5:22:36 PM] 
Failed to load the ESLint library for the document c:\Users\olila\Desktop\Angular\mb-server\config\db.config.js

To use ESLint please install eslint by running npm install eslint in the workspace folder mb-server
or globally using 'npm install -g eslint'. You need to reopen the workspace after installing eslint.

If you are using yarn or pnpm instead of npm set the setting `eslint.packageManager` to either `yarn` or `pnpm`
Alternatively you can disable ESLint for the workspace folder mb-server by executing the 'Disable ESLint' command.
[Info  - 5:22:48 PM] 
Failed to load the ESLint library for the document c:\Users\olila\Desktop\Angular\mb-server\models\index.js

To use ESLint please install eslint by running npm install eslint in the workspace folder mb-server
or globally using 'npm install -g eslint'. You need to reopen the workspace after installing eslint.

If you are using yarn or pnpm instead of npm set the setting `eslint.packageManager` to either `yarn` or `pnpm`
Alternatively you can disable ESLint for the workspace folder mb-server by executing the 'Disable ESLint' command.
[Info  - 5:23:26 PM] 
Failed to load the ESLint library for the document c:\Users\olila\Desktop\Angular\mb-server\package.json

To use ESLint please install eslint by running npm install eslint in the workspace folder mb-server
or globally using 'npm install -g eslint'. You need to reopen the workspace after installing eslint.

If you are using yarn or pnpm instead of npm set the setting `eslint.packageManager` to either `yarn` or `pnpm`
Alternatively you can disable ESLint for the workspace folder mb-server by executing the 'Disable ESLint' command.
[Info  - 5:23:45 PM] 
Failed to load the ESLint library for the document c:\Users\olila\Desktop\Angular\mb-server\server.js

To use ESLint please install eslint by running npm install eslint in the workspace folder mb-server
or globally using 'npm install -g eslint'. You need to reopen the workspace after installing eslint.

If you are using yarn or pnpm instead of npm set the setting `eslint.packageManager` to either `yarn` or `pnpm`
Alternatively you can disable ESLint for the workspace folder mb-server by executing the 'Disable ESLint' command.
[Info  - 5:24:26 PM] 
Failed to load the ESLint library for the document c:\Users\olila\Desktop\Angular\mb-server\models\tutorial.models.js

To use ESLint please install eslint by running npm install eslint in the workspace folder mb-server
or globally using 'npm install -g eslint'. You need to reopen the workspace after installing eslint.

If you are using yarn or pnpm instead of npm set the setting `eslint.packageManager` to either `yarn` or `pnpm`
Alternatively you can disable ESLint for the workspace folder mb-server by executing the 'Disable ESLint' command.
[Info  - 5:26:50 PM] 
Failed to load the ESLint library for the document c:\Users\olila\Desktop\Angular\mb-server\package.json

To use ESLint please install eslint by running npm install eslint in the workspace folder mb-server
or globally using 'npm install -g eslint'. You need to reopen the workspace after installing eslint.

If you are using yarn or pnpm instead of npm set the setting `eslint.packageManager` to either `yarn` or `pnpm`
Alternatively you can disable ESLint for the workspace folder mb-server by executing the 'Disable ESLint' command.
[Info  - 5:26:57 PM] 
Failed to load the ESLint library for the document c:\Users\olila\Desktop\Angular\mb-server\server.js

To use ESLint please install eslint by running npm install eslint in the workspace folder mb-server
or globally using 'npm install -g eslint'. You need to reopen the workspace after installing eslint.

If you are using yarn or pnpm instead of npm set the setting `eslint.packageManager` to either `yarn` or `pnpm`
Alternatively you can disable ESLint for the workspace folder mb-server by executing the 'Disable ESLint' command.
[Info  - 5:27:58 PM] 
Failed to load the ESLint library for the document c:\Users\olila\Desktop\Angular\mb-server\models\index.js

To use ESLint please install eslint by running npm install eslint in the workspace folder mb-server
or globally using 'npm install -g eslint'. You need to reopen the workspace after installing eslint.

If you are using yarn or pnpm instead of npm set the setting `eslint.packageManager` to either `yarn` or `pnpm`
Alternatively you can disable ESLint for the workspace folder mb-server by executing the 'Disable ESLint' command.
[Info  - 5:28:21 PM] 
Failed to load the ESLint library for the document c:\Users\olila\Desktop\Angular\mb-server\node_modules\mongoose\index.js

To use ESLint please install eslint by running npm install eslint in the workspace folder mb-server
or globally using 'npm install -g eslint'. You need to reopen the workspace after installing eslint.

If you are using yarn or pnpm instead of npm set the setting `eslint.packageManager` to either `yarn` or `pnpm`
Alternatively you can disable ESLint for the workspace folder mb-server by executing the 'Disable ESLint' command.
[Info  - 5:28:45 PM] 
Failed to load the ESLint library for the document c:\Users\olila\Desktop\Angular\mb-server\models\tutorial.model.js

To use ESLint please install eslint by running npm install eslint in the workspace folder mb-server
or globally using 'npm install -g eslint'. You need to reopen the workspace after installing eslint.

If you are using yarn or pnpm instead of npm set the setting `eslint.packageManager` to either `yarn` or `pnpm`
Alternatively you can disable ESLint for the workspace folder mb-server by executing the 'Disable ESLint' command.
[Info  - 5:30:18 PM] 
Failed to load the ESLint library for the document c:\Users\olila\Desktop\Angular\mb-server\controllers\tutorial.controller.js

To use ESLint please install eslint by running npm install eslint in the workspace folder mb-server
or globally using 'npm install -g eslint'. You need to reopen the workspace after installing eslint.

If you are using yarn or pnpm instead of npm set the setting `eslint.packageManager` to either `yarn` or `pnpm`
Alternatively you can disable ESLint for the workspace folder mb-server by executing the 'Disable ESLint' command.
[Info  - 5:35:21 PM] 
Failed to load the ESLint library for the document c:\Users\olila\Desktop\Angular\mb-server\models\tutorial.model.js

To use ESLint please install eslint by running npm install eslint in the workspace folder mb-server
or globally using 'npm install -g eslint'. You need to reopen the workspace after installing eslint.

If you are using yarn or pnpm instead of npm set the setting `eslint.packageManager` to either `yarn` or `pnpm`
Alternatively you can disable ESLint for the workspace folder mb-server by executing the 'Disable ESLint' command.
[Info  - 5:35:48 PM] 
Failed to load the ESLint library for the document c:\Users\olila\Desktop\Angular\mb-server\models\tutorial.model.js

To use ESLint please install eslint by running npm install eslint in the workspace folder mb-server
or globally using 'npm install -g eslint'. You need to reopen the workspace after installing eslint.

If you are using yarn or pnpm instead of npm set the setting `eslint.packageManager` to either `yarn` or `pnpm`
Alternatively you can disable ESLint for the workspace folder mb-server by executing the 'Disable ESLint' command.
[Info  - 5:35:48 PM] 
Failed to load the ESLint library for the document c:\Users\olila\Desktop\Angular\mb-server\package.json

To use ESLint please install eslint by running npm install eslint in the workspace folder mb-server
or globally using 'npm install -g eslint'. You need to reopen the workspace after installing eslint.

If you are using yarn or pnpm instead of npm set the setting `eslint.packageManager` to either `yarn` or `pnpm`
Alternatively you can disable ESLint for the workspace folder mb-server by executing the 'Disable ESLint' command.
[Info  - 5:35:52 PM] 
Failed to load the ESLint library for the document c:\Users\olila\Desktop\Angular\mb-server\server.js

To use ESLint please install eslint by running npm install eslint in the workspace folder mb-server
or globally using 'npm install -g eslint'. You need to reopen the workspace after installing eslint.

If you are using yarn or pnpm instead of npm set the setting `eslint.packageManager` to either `yarn` or `pnpm`
Alternatively you can disable ESLint for the workspace folder mb-server by executing the 'Disable ESLint' command.
[Info  - 5:35:58 PM] 
Failed to load the ESLint library for the document c:\Users\olila\Desktop\Angular\mb-server\config\db.config.js

To use ESLint please install eslint by running npm install eslint in the workspace folder mb-server
or globally using 'npm install -g eslint'. You need to reopen the workspace after installing eslint.

If you are using yarn or pnpm instead of npm set the setting `eslint.packageManager` to either `yarn` or `pnpm`
Alternatively you can disable ESLint for the workspace folder mb-server by executing the 'Disable ESLint' command.
[Info  - 5:36:19 PM] 
Failed to load the ESLint library for the document c:\Users\olila\Desktop\Angular\mb-server\models\index.js

To use ESLint please install eslint by running npm install eslint in the workspace folder mb-server
or globally using 'npm install -g eslint'. You need to reopen the workspace after installing eslint.

If you are using yarn or pnpm instead of npm set the setting `eslint.packageManager` to either `yarn` or `pnpm`
Alternatively you can disable ESLint for the workspace folder mb-server by executing the 'Disable ESLint' command.
[Info  - 5:39:39 PM] 
Failed to load the ESLint library for the document c:\Users\olila\Desktop\Angular\mb-server\controllers\tutorial.controller.js

To use ESLint please install eslint by running npm install eslint in the workspace folder mb-server
or globally using 'npm install -g eslint'. You need to reopen the workspace after installing eslint.

If you are using yarn or pnpm instead of npm set the setting `eslint.packageManager` to either `yarn` or `pnpm`
Alternatively you can disable ESLint for the workspace folder mb-server by executing the 'Disable ESLint' command.
[Info  - 5:39:48 PM] 
Failed to load the ESLint library for the document c:\Users\olila\Desktop\Angular\mb-server\models\tutorial.model.js

To use ESLint please install eslint by running npm install eslint in the workspace folder mb-server
or globally using 'npm install -g eslint'. You need to reopen the workspace after installing eslint.

If you are using yarn or pnpm instead of npm set the setting `eslint.packageManager` to either `yarn` or `pnpm`
Alternatively you can disable ESLint for the workspace folder mb-server by executing the 'Disable ESLint' command.
[Info  - 5:39:50 PM] 
Failed to load the ESLint library for the document c:\Users\olila\Desktop\Angular\mb-server\server.js

To use ESLint please install eslint by running npm install eslint in the workspace folder mb-server
or globally using 'npm install -g eslint'. You need to reopen the workspace after installing eslint.

If you are using yarn or pnpm instead of npm set the setting `eslint.packageManager` to either `yarn` or `pnpm`
Alternatively you can disable ESLint for the workspace folder mb-server by executing the 'Disable ESLint' command.
[Info  - 5:39:57 PM] 
Failed to load the ESLint library for the document c:\Users\olila\Desktop\Angular\mb-server\models\index.js

To use ESLint please install eslint by running npm install eslint in the workspace folder mb-server
or globally using 'npm install -g eslint'. You need to reopen the workspace after installing eslint.

If you are using yarn or pnpm instead of npm set the setting `eslint.packageManager` to either `yarn` or `pnpm`
Alternatively you can disable ESLint for the workspace folder mb-server by executing the 'Disable ESLint' command.
[Info  - 5:50:21 PM] 
Failed to load the ESLint library for the document c:\Users\olila\Desktop\Angular\mb-server\models\tutorial.model.js

To use ESLint please install eslint by running npm install eslint in the workspace folder mb-server
or globally using 'npm install -g eslint'. You need to reopen the workspace after installing eslint.

If you are using yarn or pnpm instead of npm set the setting `eslint.packageManager` to either `yarn` or `pnpm`
Alternatively you can disable ESLint for the workspace folder mb-server by executing the 'Disable ESLint' command.
[Info  - 5:50:28 PM] 
Failed to load the ESLint library for the document c:\Users\olila\Desktop\Angular\mb-server\models\index.js

To use ESLint please install eslint by running npm install eslint in the workspace folder mb-server
or globally using 'npm install -g eslint'. You need to reopen the workspace after installing eslint.

If you are using yarn or pnpm instead of npm set the setting `eslint.packageManager` to either `yarn` or `pnpm`
Alternatively you can disable ESLint for the workspace folder mb-server by executing the 'Disable ESLint' command.
[Info  - 5:50:34 PM] 
Failed to load the ESLint library for the document c:\Users\olila\Desktop\Angular\mb-server\config\db.config.js

To use ESLint please install eslint by running npm install eslint in the workspace folder mb-server
or globally using 'npm install -g eslint'. You need to reopen the workspace after installing eslint.

If you are using yarn or pnpm instead of npm set the setting `eslint.packageManager` to either `yarn` or `pnpm`
Alternatively you can disable ESLint for the workspace folder mb-server by executing the 'Disable ESLint' command.
[Info  - 5:50:40 PM] 
Failed to load the ESLint library for the document c:\Users\olila\Desktop\Angular\mb-server\controllers\tutorial.controller.js

To use ESLint please install eslint by running npm install eslint in the workspace folder mb-server
or globally using 'npm install -g eslint'. You need to reopen the workspace after installing eslint.

If you are using yarn or pnpm instead of npm set the setting `eslint.packageManager` to either `yarn` or `pnpm`
Alternatively you can disable ESLint for the workspace folder mb-server by executing the 'Disable ESLint' command.
[Info  - 5:50:57 PM] 
Failed to load the ESLint library for the document c:\Users\olila\Desktop\Angular\mb-server\server.js

To use ESLint please install eslint by running npm install eslint in the workspace folder mb-server
or globally using 'npm install -g eslint'. You need to reopen the workspace after installing eslint.

If you are using yarn or pnpm instead of npm set the setting `eslint.packageManager` to either `yarn` or `pnpm`
Alternatively you can disable ESLint for the workspace folder mb-server by executing the 'Disable ESLint' command.
[Info  - 5:55:58 PM] 
Failed to load the ESLint library for the document c:\Users\olila\Desktop\Angular\mb-server\controllers\tutorial.controller.js

To use ESLint please install eslint by running npm install eslint in the workspace folder mb-server
or globally using 'npm install -g eslint'. You need to reopen the workspace after installing eslint.

If you are using yarn or pnpm instead of npm set the setting `eslint.packageManager` to either `yarn` or `pnpm`
Alternatively you can disable ESLint for the workspace folder mb-server by executing the 'Disable ESLint' command.
[Info  - 5:56:01 PM] 
Failed to load the ESLint library for the document c:\Users\olila\Desktop\Angular\mb-server\models\tutorial.model.js

To use ESLint please install eslint by running npm install eslint in the workspace folder mb-server
or globally using 'npm install -g eslint'. You need to reopen the workspace after installing eslint.

If you are using yarn or pnpm instead of npm set the setting `eslint.packageManager` to either `yarn` or `pnpm`
Alternatively you can disable ESLint for the workspace folder mb-server by executing the 'Disable ESLint' command.
[Info  - 5:57:35 PM] 
Failed to load the ESLint library for the document c:\Users\olila\Desktop\Angular\mb-server\server.js

To use ESLint please install eslint by running npm install eslint in the workspace folder mb-server
or globally using 'npm install -g eslint'. You need to reopen the workspace after installing eslint.

If you are using yarn or pnpm instead of npm set the setting `eslint.packageManager` to either `yarn` or `pnpm`
Alternatively you can disable ESLint for the workspace folder mb-server by executing the 'Disable ESLint' command.
[Info  - 5:57:40 PM] 
Failed to load the ESLint library for the document c:\Users\olila\Desktop\Angular\mb-server\models\index.js

To use ESLint please install eslint by running npm install eslint in the workspace folder mb-server
or globally using 'npm install -g eslint'. You need to reopen the workspace after installing eslint.

If you are using yarn or pnpm instead of npm set the setting `eslint.packageManager` to either `yarn` or `pnpm`
Alternatively you can disable ESLint for the workspace folder mb-server by executing the 'Disable ESLint' command.
[Info  - 5:57:46 PM] 
Failed to load the ESLint library for the document c:\Users\olila\Desktop\Angular\mb-server\config\db.config.js

To use ESLint please install eslint by running npm install eslint in the workspace folder mb-server
or globally using 'npm install -g eslint'. You need to reopen the workspace after installing eslint.

If you are using yarn or pnpm instead of npm set the setting `eslint.packageManager` to either `yarn` or `pnpm`
Alternatively you can disable ESLint for the workspace folder mb-server by executing the 'Disable ESLint' command.
[Info  - 5:57:50 PM] 
Failed to load the ESLint library for the document c:\Users\olila\Desktop\Angular\mb-server\controllers\tutorial.controller.js

To use ESLint please install eslint by running npm install eslint in the workspace folder mb-server
or globally using 'npm install -g eslint'. You need to reopen the workspace after installing eslint.

If you are using yarn or pnpm instead of npm set the setting `eslint.packageManager` to either `yarn` or `pnpm`
Alternatively you can disable ESLint for the workspace folder mb-server by executing the 'Disable ESLint' command.
[Info  - 5:58:19 PM] 
Failed to load the ESLint library for the document c:\Users\olila\Desktop\Angular\mb-server\models\tutorial.model.js

To use ESLint please install eslint by running npm install eslint in the workspace folder mb-server
or globally using 'npm install -g eslint'. You need to reopen the workspace after installing eslint.

If you are using yarn or pnpm instead of npm set the setting `eslint.packageManager` to either `yarn` or `pnpm`
Alternatively you can disable ESLint for the workspace folder mb-server by executing the 'Disable ESLint' command.
[Info  - 6:01:56 PM] 
Failed to load the ESLint library for the document c:\Users\olila\Desktop\Angular\mb-server\config\db.config.js

To use ESLint please install eslint by running npm install eslint in the workspace folder mb-server
or globally using 'npm install -g eslint'. You need to reopen the workspace after installing eslint.

If you are using yarn or pnpm instead of npm set the setting `eslint.packageManager` to either `yarn` or `pnpm`
Alternatively you can disable ESLint for the workspace folder mb-server by executing the 'Disable ESLint' command.
[Info  - 6:01:58 PM] 
Failed to load the ESLint library for the document c:\Users\olila\Desktop\Angular\mb-server\models\index.js

To use ESLint please install eslint by running npm install eslint in the workspace folder mb-server
or globally using 'npm install -g eslint'. You need to reopen the workspace after installing eslint.

If you are using yarn or pnpm instead of npm set the setting `eslint.packageManager` to either `yarn` or `pnpm`
Alternatively you can disable ESLint for the workspace folder mb-server by executing the 'Disable ESLint' command.
[Info  - 6:02:01 PM] 
Failed to load the ESLint library for the document c:\Users\olila\Desktop\Angular\mb-server\server.js

To use ESLint please install eslint by running npm install eslint in the workspace folder mb-server
or globally using 'npm install -g eslint'. You need to reopen the workspace after installing eslint.

If you are using yarn or pnpm instead of npm set the setting `eslint.packageManager` to either `yarn` or `pnpm`
Alternatively you can disable ESLint for the workspace folder mb-server by executing the 'Disable ESLint' command.
[Info  - 6:03:28 PM] 
Failed to load the ESLint library for the document c:\Users\olila\Desktop\Angular\mb-server\models\index.js

To use ESLint please install eslint by running npm install eslint in the workspace folder mb-server
or globally using 'npm install -g eslint'. You need to reopen the workspace after installing eslint.

If you are using yarn or pnpm instead of npm set the setting `eslint.packageManager` to either `yarn` or `pnpm`
Alternatively you can disable ESLint for the workspace folder mb-server by executing the 'Disable ESLint' command.
[Info  - 6:03:31 PM] 
Failed to load the ESLint library for the document c:\Users\olila\Desktop\Angular\mb-server\config\db.config.js

To use ESLint please install eslint by running npm install eslint in the workspace folder mb-server
or globally using 'npm install -g eslint'. You need to reopen the workspace after installing eslint.

If you are using yarn or pnpm instead of npm set the setting `eslint.packageManager` to either `yarn` or `pnpm`
Alternatively you can disable ESLint for the workspace folder mb-server by executing the 'Disable ESLint' command.
[Info  - 6:03:34 PM] 
Failed to load the ESLint library for the document c:\Users\olila\Desktop\Angular\mb-server\models\tutorial.model.js

To use ESLint please install eslint by running npm install eslint in the workspace folder mb-server
or globally using 'npm install -g eslint'. You need to reopen the workspace after installing eslint.

If you are using yarn or pnpm instead of npm set the setting `eslint.packageManager` to either `yarn` or `pnpm`
Alternatively you can disable ESLint for the workspace folder mb-server by executing the 'Disable ESLint' command.
[Info  - 6:03:37 PM] 
Failed to load the ESLint library for the document c:\Users\olila\Desktop\Angular\mb-server\controllers\tutorial.controller.js

To use ESLint please install eslint by running npm install eslint in the workspace folder mb-server
or globally using 'npm install -g eslint'. You need to reopen the workspace after installing eslint.

If you are using yarn or pnpm instead of npm set the setting `eslint.packageManager` to either `yarn` or `pnpm`
Alternatively you can disable ESLint for the workspace folder mb-server by executing the 'Disable ESLint' command.
[Info  - 6:06:17 PM] 
Failed to load the ESLint library for the document c:\Users\olila\Desktop\Angular\mb-server\controllers\tutorial.controller.js

To use ESLint please install eslint by running npm install eslint in the workspace folder mb-server
or globally using 'npm install -g eslint'. You need to reopen the workspace after installing eslint.

If you are using yarn or pnpm instead of npm set the setting `eslint.packageManager` to either `yarn` or `pnpm`
Alternatively you can disable ESLint for the workspace folder mb-server by executing the 'Disable ESLint' command.
[Info  - 6:06:27 PM] 
Failed to load the ESLint library for the document c:\Users\olila\Desktop\Angular\mb-server\models\tutorial.model.js

To use ESLint please install eslint by running npm install eslint in the workspace folder mb-server
or globally using 'npm install -g eslint'. You need to reopen the workspace after installing eslint.

If you are using yarn or pnpm instead of npm set the setting `eslint.packageManager` to either `yarn` or `pnpm`
Alternatively you can disable ESLint for the workspace folder mb-server by executing the 'Disable ESLint' command.
[Info  - 6:06:34 PM] 
Failed to load the ESLint library for the document c:\Users\olila\Desktop\Angular\mb-server\models\index.js

To use ESLint please install eslint by running npm install eslint in the workspace folder mb-server
or globally using 'npm install -g eslint'. You need to reopen the workspace after installing eslint.

If you are using yarn or pnpm instead of npm set the setting `eslint.packageManager` to either `yarn` or `pnpm`
Alternatively you can disable ESLint for the workspace folder mb-server by executing the 'Disable ESLint' command.
[Info  - 6:06:57 PM] 
Failed to load the ESLint library for the document c:\Users\olila\Desktop\Angular\mb-server\models\part.model.js

To use ESLint please install eslint by running npm install eslint in the workspace folder mb-server
or globally using 'npm install -g eslint'. You need to reopen the workspace after installing eslint.

If you are using yarn or pnpm instead of npm set the setting `eslint.packageManager` to either `yarn` or `pnpm`
Alternatively you can disable ESLint for the workspace folder mb-server by executing the 'Disable ESLint' command.
[Info  - 6:07:00 PM] 
Failed to load the ESLint library for the document c:\Users\olila\Desktop\Angular\mb-server\config\db.config.js

To use ESLint please install eslint by running npm install eslint in the workspace folder mb-server
or globally using 'npm install -g eslint'. You need to reopen the workspace after installing eslint.

If you are using yarn or pnpm instead of npm set the setting `eslint.packageManager` to either `yarn` or `pnpm`
Alternatively you can disable ESLint for the workspace folder mb-server by executing the 'Disable ESLint' command.
[Info  - 6:07:06 PM] 
Failed to load the ESLint library for the document c:\Users\olila\Desktop\Angular\mb-server\server.js

To use ESLint please install eslint by running npm install eslint in the workspace folder mb-server
or globally using 'npm install -g eslint'. You need to reopen the workspace after installing eslint.

If you are using yarn or pnpm instead of npm set the setting `eslint.packageManager` to either `yarn` or `pnpm`
Alternatively you can disable ESLint for the workspace folder mb-server by executing the 'Disable ESLint' command.
[Info  - 6:07:33 PM] 
Failed to load the ESLint library for the document c:\Users\olila\Desktop\Angular\mb-server\models\part.model.js

To use ESLint please install eslint by running npm install eslint in the workspace folder mb-server
or globally using 'npm install -g eslint'. You need to reopen the workspace after installing eslint.

If you are using yarn or pnpm instead of npm set the setting `eslint.packageManager` to either `yarn` or `pnpm`
Alternatively you can disable ESLint for the workspace folder mb-server by executing the 'Disable ESLint' command.
[Info  - 6:07:37 PM] 
Failed to load the ESLint library for the document c:\Users\olila\Desktop\Angular\mb-server\controllers\tutorial.controller.js

To use ESLint please install eslint by running npm install eslint in the workspace folder mb-server
or globally using 'npm install -g eslint'. You need to reopen the workspace after installing eslint.

If you are using yarn or pnpm instead of npm set the setting `eslint.packageManager` to either `yarn` or `pnpm`
Alternatively you can disable ESLint for the workspace folder mb-server by executing the 'Disable ESLint' command.
[Info  - 6:09:34 PM] 
Failed to load the ESLint library for the document c:\Users\olila\Desktop\Angular\mb-server\package.json

To use ESLint please install eslint by running npm install eslint in the workspace folder mb-server
or globally using 'npm install -g eslint'. You need to reopen the workspace after installing eslint.

If you are using yarn or pnpm instead of npm set the setting `eslint.packageManager` to either `yarn` or `pnpm`
Alternatively you can disable ESLint for the workspace folder mb-server by executing the 'Disable ESLint' command.
[Info  - 6:17:54 PM] 
Failed to load the ESLint library for the document c:\Users\olila\Desktop\Angular\mb-server\config\db.config.js

To use ESLint please install eslint by running npm install eslint in the workspace folder mb-server
or globally using 'npm install -g eslint'. You need to reopen the workspace after installing eslint.

If you are using yarn or pnpm instead of npm set the setting `eslint.packageManager` to either `yarn` or `pnpm`
Alternatively you can disable ESLint for the workspace folder mb-server by executing the 'Disable ESLint' command.
[Info  - 6:18:00 PM] 
Failed to load the ESLint library for the document c:\Users\olila\Desktop\Angular\mb-server\models\index.js

To use ESLint please install eslint by running npm install eslint in the workspace folder mb-server
or globally using 'npm install -g eslint'. You need to reopen the workspace after installing eslint.

If you are using yarn or pnpm instead of npm set the setting `eslint.packageManager` to either `yarn` or `pnpm`
Alternatively you can disable ESLint for the workspace folder mb-server by executing the 'Disable ESLint' command.
[Info  - 6:18:28 PM] 
Failed to load the ESLint library for the document c:\Users\olila\Desktop\Angular\mb-server\server.js

To use ESLint please install eslint by running npm install eslint in the workspace folder mb-server
or globally using 'npm install -g eslint'. You need to reopen the workspace after installing eslint.

If you are using yarn or pnpm instead of npm set the setting `eslint.packageManager` to either `yarn` or `pnpm`
Alternatively you can disable ESLint for the workspace folder mb-server by executing the 'Disable ESLint' command.
[Info  - 6:18:35 PM] 
Failed to load the ESLint library for the document c:\Users\olila\Desktop\Angular\mb-server\models\part.model.js

To use ESLint please install eslint by running npm install eslint in the workspace folder mb-server
or globally using 'npm install -g eslint'. You need to reopen the workspace after installing eslint.

If you are using yarn or pnpm instead of npm set the setting `eslint.packageManager` to either `yarn` or `pnpm`
Alternatively you can disable ESLint for the workspace folder mb-server by executing the 'Disable ESLint' command.
[Info  - 6:18:37 PM] 
Failed to load the ESLint library for the document c:\Users\olila\Desktop\Angular\mb-server\controllers\tutorial.controller.js

To use ESLint please install eslint by running npm install eslint in the workspace folder mb-server
or globally using 'npm install -g eslint'. You need to reopen the workspace after installing eslint.

If you are using yarn or pnpm instead of npm set the setting `eslint.packageManager` to either `yarn` or `pnpm`
Alternatively you can disable ESLint for the workspace folder mb-server by executing the 'Disable ESLint' command.
[Info  - 6:19:07 PM] 
Failed to load the ESLint library for the document c:\Users\olila\Desktop\Angular\mb-server\config\db.config.js

To use ESLint please install eslint by running npm install eslint in the workspace folder mb-server
or globally using 'npm install -g eslint'. You need to reopen the workspace after installing eslint.

If you are using yarn or pnpm instead of npm set the setting `eslint.packageManager` to either `yarn` or `pnpm`
Alternatively you can disable ESLint for the workspace folder mb-server by executing the 'Disable ESLint' command.
[Info  - 6:23:28 PM] 
Failed to load the ESLint library for the document c:\Users\olila\Desktop\Angular\mb-server\package.json

To use ESLint please install eslint by running npm install eslint in the workspace folder mb-server
or globally using 'npm install -g eslint'. You need to reopen the workspace after installing eslint.

If you are using yarn or pnpm instead of npm set the setting `eslint.packageManager` to either `yarn` or `pnpm`
Alternatively you can disable ESLint for the workspace folder mb-server by executing the 'Disable ESLint' command.
[Info  - 6:28:28 PM] 
Failed to load the ESLint library for the document c:\Users\olila\Desktop\Angular\mb-server\controllers\tutorial.controller.js

To use ESLint please install eslint by running npm install eslint in the workspace folder mb-server
or globally using 'npm install -g eslint'. You need to reopen the workspace after installing eslint.

If you are using yarn or pnpm instead of npm set the setting `eslint.packageManager` to either `yarn` or `pnpm`
Alternatively you can disable ESLint for the workspace folder mb-server by executing the 'Disable ESLint' command.
[Info  - 6:28:57 PM] 
Failed to load the ESLint library for the document c:\Users\olila\Desktop\Angular\mb-server\server.js

To use ESLint please install eslint by running npm install eslint in the workspace folder mb-server
or globally using 'npm install -g eslint'. You need to reopen the workspace after installing eslint.

If you are using yarn or pnpm instead of npm set the setting `eslint.packageManager` to either `yarn` or `pnpm`
Alternatively you can disable ESLint for the workspace folder mb-server by executing the 'Disable ESLint' command.
[Info  - 6:29:03 PM] 
Failed to load the ESLint library for the document c:\Users\olila\Desktop\Angular\mb-server\models\index.js

To use ESLint please install eslint by running npm install eslint in the workspace folder mb-server
or globally using 'npm install -g eslint'. You need to reopen the workspace after installing eslint.

If you are using yarn or pnpm instead of npm set the setting `eslint.packageManager` to either `yarn` or `pnpm`
Alternatively you can disable ESLint for the workspace folder mb-server by executing the 'Disable ESLint' command.
[Info  - 6:29:07 PM] 
Failed to load the ESLint library for the document c:\Users\olila\Desktop\Angular\mb-server\config\db.config.js

To use ESLint please install eslint by running npm install eslint in the workspace folder mb-server
or globally using 'npm install -g eslint'. You need to reopen the workspace after installing eslint.

If you are using yarn or pnpm instead of npm set the setting `eslint.packageManager` to either `yarn` or `pnpm`
Alternatively you can disable ESLint for the workspace folder mb-server by executing the 'Disable ESLint' command.
[Info  - 6:29:09 PM] 
Failed to load the ESLint library for the document c:\Users\olila\Desktop\Angular\mb-server\models\part.model.js

To use ESLint please install eslint by running npm install eslint in the workspace folder mb-server
or globally using 'npm install -g eslint'. You need to reopen the workspace after installing eslint.

If you are using yarn or pnpm instead of npm set the setting `eslint.packageManager` to either `yarn` or `pnpm`
Alternatively you can disable ESLint for the workspace folder mb-server by executing the 'Disable ESLint' command.
[Info  - 6:35:10 PM] 
Failed to load the ESLint library for the document c:\Users\olila\Desktop\Angular\mb-server\routes\part.routes.js

To use ESLint please install eslint by running npm install eslint in the workspace folder mb-server
or globally using 'npm install -g eslint'. You need to reopen the workspace after installing eslint.

If you are using yarn or pnpm instead of npm set the setting `eslint.packageManager` to either `yarn` or `pnpm`
Alternatively you can disable ESLint for the workspace folder mb-server by executing the 'Disable ESLint' command.
[Info  - 6:35:14 PM] 
Failed to load the ESLint library for the document c:\Users\olila\Desktop\Angular\mb-server\package.json

To use ESLint please install eslint by running npm install eslint in the workspace folder mb-server
or globally using 'npm install -g eslint'. You need to reopen the workspace after installing eslint.

If you are using yarn or pnpm instead of npm set the setting `eslint.packageManager` to either `yarn` or `pnpm`
Alternatively you can disable ESLint for the workspace folder mb-server by executing the 'Disable ESLint' command.
[Info  - 6:36:22 PM] 
Failed to load the ESLint library for the document c:\Users\olila\Desktop\Angular\mb-server\controllers\tutorial.controller.js

To use ESLint please install eslint by running npm install eslint in the workspace folder mb-server
or globally using 'npm install -g eslint'. You need to reopen the workspace after installing eslint.

If you are using yarn or pnpm instead of npm set the setting `eslint.packageManager` to either `yarn` or `pnpm`
Alternatively you can disable ESLint for the workspace folder mb-server by executing the 'Disable ESLint' command.
[Info  - 6:36:27 PM] 
Failed to load the ESLint library for the document c:\Users\olila\Desktop\Angular\mb-server\models\part.model.js

To use ESLint please install eslint by running npm install eslint in the workspace folder mb-server
or globally using 'npm install -g eslint'. You need to reopen the workspace after installing eslint.

If you are using yarn or pnpm instead of npm set the setting `eslint.packageManager` to either `yarn` or `pnpm`
Alternatively you can disable ESLint for the workspace folder mb-server by executing the 'Disable ESLint' command.
[Info  - 6:36:28 PM] 
Failed to load the ESLint library for the document c:\Users\olila\Desktop\Angular\mb-server\server.js

To use ESLint please install eslint by running npm install eslint in the workspace folder mb-server
or globally using 'npm install -g eslint'. You need to reopen the workspace after installing eslint.

If you are using yarn or pnpm instead of npm set the setting `eslint.packageManager` to either `yarn` or `pnpm`
Alternatively you can disable ESLint for the workspace folder mb-server by executing the 'Disable ESLint' command.
[Info  - 6:36:33 PM] 
Failed to load the ESLint library for the document c:\Users\olila\Desktop\Angular\mb-server\config\db.config.js

To use ESLint please install eslint by running npm install eslint in the workspace folder mb-server
or globally using 'npm install -g eslint'. You need to reopen the workspace after installing eslint.

If you are using yarn or pnpm instead of npm set the setting `eslint.packageManager` to either `yarn` or `pnpm`
Alternatively you can disable ESLint for the workspace folder mb-server by executing the 'Disable ESLint' command.
[Info  - 6:36:42 PM] 
Failed to load the ESLint library for the document c:\Users\olila\Desktop\Angular\mb-server\controllers\part.controller.js

To use ESLint please install eslint by running npm install eslint in the workspace folder mb-server
or globally using 'npm install -g eslint'. You need to reopen the workspace after installing eslint.

If you are using yarn or pnpm instead of npm set the setting `eslint.packageManager` to either `yarn` or `pnpm`
Alternatively you can disable ESLint for the workspace folder mb-server by executing the 'Disable ESLint' command.
[Info  - 6:36:46 PM] 
Failed to load the ESLint library for the document c:\Users\olila\Desktop\Angular\mb-server\routes\part.routes.js

To use ESLint please install eslint by running npm install eslint in the workspace folder mb-server
or globally using 'npm install -g eslint'. You need to reopen the workspace after installing eslint.

If you are using yarn or pnpm instead of npm set the setting `eslint.packageManager` to either `yarn` or `pnpm`
Alternatively you can disable ESLint for the workspace folder mb-server by executing the 'Disable ESLint' command.
[Info  - 6:38:10 PM] 
Failed to load the ESLint library for the document c:\Users\olila\Desktop\Angular\mb-server\server.js

To use ESLint please install eslint by running npm install eslint in the workspace folder mb-server
or globally using 'npm install -g eslint'. You need to reopen the workspace after installing eslint.

If you are using yarn or pnpm instead of npm set the setting `eslint.packageManager` to either `yarn` or `pnpm`
Alternatively you can disable ESLint for the workspace folder mb-server by executing the 'Disable ESLint' command.
[Info  - 6:39:50 PM] 
Failed to load the ESLint library for the document c:\Users\olila\Desktop\Angular\mb-server\routes\part.routes.js

To use ESLint please install eslint by running npm install eslint in the workspace folder mb-server
or globally using 'npm install -g eslint'. You need to reopen the workspace after installing eslint.

If you are using yarn or pnpm instead of npm set the setting `eslint.packageManager` to either `yarn` or `pnpm`
Alternatively you can disable ESLint for the workspace folder mb-server by executing the 'Disable ESLint' command.
[Info  - 6:43:03 PM] 
Failed to load the ESLint library for the document c:\Users\olila\Desktop\Angular\mb-server\controllers\part.controller.js

To use ESLint please install eslint by running npm install eslint in the workspace folder mb-server
or globally using 'npm install -g eslint'. You need to reopen the workspace after installing eslint.

If you are using yarn or pnpm instead of npm set the setting `eslint.packageManager` to either `yarn` or `pnpm`
Alternatively you can disable ESLint for the workspace folder mb-server by executing the 'Disable ESLint' command.
[Info  - 6:45:19 PM] 
Failed to load the ESLint library for the document c:\Users\olila\Desktop\Angular\mb-server\server.js

To use ESLint please install eslint by running npm install eslint in the workspace folder mb-server
or globally using 'npm install -g eslint'. You need to reopen the workspace after installing eslint.

If you are using yarn or pnpm instead of npm set the setting `eslint.packageManager` to either `yarn` or `pnpm`
Alternatively you can disable ESLint for the workspace folder mb-server by executing the 'Disable ESLint' command.
[Info  - 6:53:40 PM] 
Failed to load the ESLint library for the document c:\Users\olila\Desktop\Angular\mb-server\models\part.model.js

To use ESLint please install eslint by running npm install eslint in the workspace folder mb-server
or globally using 'npm install -g eslint'. You need to reopen the workspace after installing eslint.

If you are using yarn or pnpm instead of npm set the setting `eslint.packageManager` to either `yarn` or `pnpm`
Alternatively you can disable ESLint for the workspace folder mb-server by executing the 'Disable ESLint' command.
[Info  - 6:55:52 PM] 
Failed to load the ESLint library for the document c:\Users\olila\Desktop\Angular\mb-server\routes\part.routes.js

To use ESLint please install eslint by running npm install eslint in the workspace folder mb-server
or globally using 'npm install -g eslint'. You need to reopen the workspace after installing eslint.

If you are using yarn or pnpm instead of npm set the setting `eslint.packageManager` to either `yarn` or `pnpm`
Alternatively you can disable ESLint for the workspace folder mb-server by executing the 'Disable ESLint' command.
[Info  - 6:56:07 PM] 
Failed to load the ESLint library for the document c:\Users\olila\Desktop\Angular\mb-server\server.js

To use ESLint please install eslint by running npm install eslint in the workspace folder mb-server
or globally using 'npm install -g eslint'. You need to reopen the workspace after installing eslint.

If you are using yarn or pnpm instead of npm set the setting `eslint.packageManager` to either `yarn` or `pnpm`
Alternatively you can disable ESLint for the workspace folder mb-server by executing the 'Disable ESLint' command.
[Info  - 6:56:15 PM] 
Failed to load the ESLint library for the document c:\Users\olila\Desktop\Angular\mb-server\models\part.model.js

To use ESLint please install eslint by running npm install eslint in the workspace folder mb-server
or globally using 'npm install -g eslint'. You need to reopen the workspace after installing eslint.

If you are using yarn or pnpm instead of npm set the setting `eslint.packageManager` to either `yarn` or `pnpm`
Alternatively you can disable ESLint for the workspace folder mb-server by executing the 'Disable ESLint' command.
[Info  - 6:58:19 PM] 
Failed to load the ESLint library for the document c:\Users\olila\Desktop\Angular\mb-server\server.js

To use ESLint please install eslint by running npm install eslint in the workspace folder mb-server
or globally using 'npm install -g eslint'. You need to reopen the workspace after installing eslint.

If you are using yarn or pnpm instead of npm set the setting `eslint.packageManager` to either `yarn` or `pnpm`
Alternatively you can disable ESLint for the workspace folder mb-server by executing the 'Disable ESLint' command.
[Info  - 6:58:31 PM] 
Failed to load the ESLint library for the document c:\Users\olila\Desktop\Angular\mb-server\routes\part.routes.js

To use ESLint please install eslint by running npm install eslint in the workspace folder mb-server
or globally using 'npm install -g eslint'. You need to reopen the workspace after installing eslint.

If you are using yarn or pnpm instead of npm set the setting `eslint.packageManager` to either `yarn` or `pnpm`
Alternatively you can disable ESLint for the workspace folder mb-server by executing the 'Disable ESLint' command.
[Info  - 7:02:41 PM] 
Failed to load the ESLint library for the document c:\Users\olila\Desktop\Angular\mb-server\models\part.model.js

To use ESLint please install eslint by running npm install eslint in the workspace folder mb-server
or globally using 'npm install -g eslint'. You need to reopen the workspace after installing eslint.

If you are using yarn or pnpm instead of npm set the setting `eslint.packageManager` to either `yarn` or `pnpm`
Alternatively you can disable ESLint for the workspace folder mb-server by executing the 'Disable ESLint' command.
[Info  - 7:02:50 PM] 
Failed to load the ESLint library for the document c:\Users\olila\Desktop\Angular\mb-server\controllers\part.controller.js

To use ESLint please install eslint by running npm install eslint in the workspace folder mb-server
or globally using 'npm install -g eslint'. You need to reopen the workspace after installing eslint.

If you are using yarn or pnpm instead of npm set the setting `eslint.packageManager` to either `yarn` or `pnpm`
Alternatively you can disable ESLint for the workspace folder mb-server by executing the 'Disable ESLint' command.
[Info  - 7:13:00 PM] 
Failed to load the ESLint library for the document c:\Users\olila\Desktop\Angular\mb-server\server.js

To use ESLint please install eslint by running npm install eslint in the workspace folder mb-server
or globally using 'npm install -g eslint'. You need to reopen the workspace after installing eslint.

If you are using yarn or pnpm instead of npm set the setting `eslint.packageManager` to either `yarn` or `pnpm`
Alternatively you can disable ESLint for the workspace folder mb-server by executing the 'Disable ESLint' command.
[Info  - 7:15:37 PM] 
Failed to load the ESLint library for the document c:\Users\olila\Desktop\Angular\mb-server\config\db.config.js

To use ESLint please install eslint by running npm install eslint in the workspace folder mb-server
or globally using 'npm install -g eslint'. You need to reopen the workspace after installing eslint.

If you are using yarn or pnpm instead of npm set the setting `eslint.packageManager` to either `yarn` or `pnpm`
Alternatively you can disable ESLint for the workspace folder mb-server by executing the 'Disable ESLint' command.
[Info  - 7:15:44 PM] 
Failed to load the ESLint library for the document c:\Users\olila\Desktop\Angular\mb-server\models\index.js

To use ESLint please install eslint by running npm install eslint in the workspace folder mb-server
or globally using 'npm install -g eslint'. You need to reopen the workspace after installing eslint.

If you are using yarn or pnpm instead of npm set the setting `eslint.packageManager` to either `yarn` or `pnpm`
Alternatively you can disable ESLint for the workspace folder mb-server by executing the 'Disable ESLint' command.
[Info  - 7:17:12 PM] 
Failed to load the ESLint library for the document c:\Users\olila\Desktop\Angular\mb-server\package.json

To use ESLint please install eslint by running npm install eslint in the workspace folder mb-server
or globally using 'npm install -g eslint'. You need to reopen the workspace after installing eslint.

If you are using yarn or pnpm instead of npm set the setting `eslint.packageManager` to either `yarn` or `pnpm`
Alternatively you can disable ESLint for the workspace folder mb-server by executing the 'Disable ESLint' command.
[Info  - 7:18:44 PM] 
Failed to load the ESLint library for the document c:\Users\olila\Desktop\Angular\mb-server\routes\part.routes.js

To use ESLint please install eslint by running npm install eslint in the workspace folder mb-server
or globally using 'npm install -g eslint'. You need to reopen the workspace after installing eslint.

If you are using yarn or pnpm instead of npm set the setting `eslint.packageManager` to either `yarn` or `pnpm`
Alternatively you can disable ESLint for the workspace folder mb-server by executing the 'Disable ESLint' command.
[Info  - 7:18:46 PM] 
Failed to load the ESLint library for the document c:\Users\olila\Desktop\Angular\mb-server\controllers\part.controller.js

To use ESLint please install eslint by running npm install eslint in the workspace folder mb-server
or globally using 'npm install -g eslint'. You need to reopen the workspace after installing eslint.

If you are using yarn or pnpm instead of npm set the setting `eslint.packageManager` to either `yarn` or `pnpm`
Alternatively you can disable ESLint for the workspace folder mb-server by executing the 'Disable ESLint' command.
[Info  - 7:26:24 PM] 
Failed to load the ESLint library for the document c:\Users\olila\Desktop\Angular\mb-server\routes\part.routes.js

To use ESLint please install eslint by running npm install eslint in the workspace folder mb-server
or globally using 'npm install -g eslint'. You need to reopen the workspace after installing eslint.

If you are using yarn or pnpm instead of npm set the setting `eslint.packageManager` to either `yarn` or `pnpm`
Alternatively you can disable ESLint for the workspace folder mb-server by executing the 'Disable ESLint' command.
[Info  - 7:26:26 PM] 
Failed to load the ESLint library for the document c:\Users\olila\Desktop\Angular\mb-server\controllers\part.controller.js

To use ESLint please install eslint by running npm install eslint in the workspace folder mb-server
or globally using 'npm install -g eslint'. You need to reopen the workspace after installing eslint.

If you are using yarn or pnpm instead of npm set the setting `eslint.packageManager` to either `yarn` or `pnpm`
Alternatively you can disable ESLint for the workspace folder mb-server by executing the 'Disable ESLint' command.
[Info  - 7:30:08 PM] 
Failed to load the ESLint library for the document c:\Users\olila\Desktop\Angular\mb-server\routes\part.routes.js

To use ESLint please install eslint by running npm install eslint in the workspace folder mb-server
or globally using 'npm install -g eslint'. You need to reopen the workspace after installing eslint.

If you are using yarn or pnpm instead of npm set the setting `eslint.packageManager` to either `yarn` or `pnpm`
Alternatively you can disable ESLint for the workspace folder mb-server by executing the 'Disable ESLint' command.
[Info  - 7:30:36 PM] 
Failed to load the ESLint library for the document c:\Users\olila\Desktop\Angular\mb-server\controllers\part.controller.js

To use ESLint please install eslint by running npm install eslint in the workspace folder mb-server
or globally using 'npm install -g eslint'. You need to reopen the workspace after installing eslint.

If you are using yarn or pnpm instead of npm set the setting `eslint.packageManager` to either `yarn` or `pnpm`
Alternatively you can disable ESLint for the workspace folder mb-server by executing the 'Disable ESLint' command.
[Info  - 7:30:54 PM] 
Failed to load the ESLint library for the document c:\Users\olila\Desktop\Angular\mb-server\server.js

To use ESLint please install eslint by running npm install eslint in the workspace folder mb-server
or globally using 'npm install -g eslint'. You need to reopen the workspace after installing eslint.

If you are using yarn or pnpm instead of npm set the setting `eslint.packageManager` to either `yarn` or `pnpm`
Alternatively you can disable ESLint for the workspace folder mb-server by executing the 'Disable ESLint' command.
[Info  - 7:30:56 PM] 
Failed to load the ESLint library for the document c:\Users\olila\Desktop\Angular\mb-server\config\db.config.js

To use ESLint please install eslint by running npm install eslint in the workspace folder mb-server
or globally using 'npm install -g eslint'. You need to reopen the workspace after installing eslint.

If you are using yarn or pnpm instead of npm set the setting `eslint.packageManager` to either `yarn` or `pnpm`
Alternatively you can disable ESLint for the workspace folder mb-server by executing the 'Disable ESLint' command.
[Info  - 7:31:56 PM] 
Failed to load the ESLint library for the document c:\Users\olila\Desktop\Angular\mb-server\models\index.js

To use ESLint please install eslint by running npm install eslint in the workspace folder mb-server
or globally using 'npm install -g eslint'. You need to reopen the workspace after installing eslint.

If you are using yarn or pnpm instead of npm set the setting `eslint.packageManager` to either `yarn` or `pnpm`
Alternatively you can disable ESLint for the workspace folder mb-server by executing the 'Disable ESLint' command.
[Info  - 7:34:04 PM] 
Failed to load the ESLint library for the document c:\Users\olila\Desktop\Angular\mb-server\controllers\part.controller.js

To use ESLint please install eslint by running npm install eslint in the workspace folder mb-server
or globally using 'npm install -g eslint'. You need to reopen the workspace after installing eslint.

If you are using yarn or pnpm instead of npm set the setting `eslint.packageManager` to either `yarn` or `pnpm`
Alternatively you can disable ESLint for the workspace folder mb-server by executing the 'Disable ESLint' command.
[Info  - 7:35:11 PM] Connection to server got closed. Server will restart.
